Sun Nov  1 16:03:41 2015 --> [BEGIN] New log file started. To review old log files, see ./archive/
Sun Nov  1 16:18:08 2015 --> [ LOG ] Lobsang.begin() called.
Sun Nov  1 16:18:09 2015 --> [ LOG ] Duino responded to 'OK?' query. Duino Online.
Sun Nov  1 16:19:13 2015 --> [ LOG ] Lobsang.begin() called.
Sun Nov  1 16:19:13 2015 --> [ LOG ] Duino responded to 'OK?' query. Duino Online.
Sun Nov  1 16:30:34 2015 --> [ LOG ] Halting Lobsang. Raspbian is shutting down.
Sun Nov  1 16:33:20 2015 --> [ LOG ] Lobsang.begin() called.
Sun Nov  1 16:33:20 2015 --> [ LOG ] Duino responded to 'OK?' query. Duino Online.
Sun Nov  1 16:36:22 2015 --> [ LOG ] Halting Lobsang. Raspbian is shutting down.
Sun Nov  1 18:14:03 2015 --> [ LOG ] Halting Lobsang. Raspbian is shutting down.
Sun Nov  1 18:50:18 2015 --> [ LOG ] Halting Lobsang. Raspbian is shutting down.
Sun Nov  1 18:50:51 2015 --> [ LOG ] Halting Lobsang. Raspbian is shutting down.
Sun Nov  1 19:35:27 2015 --> [ LOG ] Lobsang.begin() called.
Sun Nov  1 19:35:27 2015 --> [ LOG ] Duino responded to 'OK?' query. Duino Online.
Sun Nov  1 19:41:58 2015 --> [ LOG ] Lobsang.begin() called.
Sun Nov  1 19:41:58 2015 --> [ LOG ] Duino responded to 'OK?' query. Duino Online.
Sun Nov  1 19:42:45 2015 --> [ LOG ] Lobsang.begin() called.
Sun Nov  1 19:42:45 2015 --> [ LOG ] Duino responded to 'OK?' query. Duino Online.
Sun Nov  1 19:51:39 2015 --> [ LOG ] Lobsang.begin() called.
Sun Nov  1 19:51:39 2015 --> [ LOG ] Duino responded to 'OK?' query. Duino Online.
Sun Nov  1 19:54:55 2015 --> [ LOG ] Lobsang.begin() called.
Sun Nov  1 19:54:55 2015 --> [ LOG ] Duino responded to 'OK?' query. Duino Online.
Sun Nov  1 21:20:53 2015 --> [ LOG ] Lobsang.begin() called.
Sun Nov  1 21:20:53 2015 --> [ LOG ] Duino responded to 'OK?' query. Duino Online.
Sun Nov  1 21:21:09 2015 --> [ LOG ] Lobsang.begin() called.
Sun Nov  1 21:21:10 2015 --> [ LOG ] Duino responded to 'OK?' query. Duino Online.
Sun Nov  1 21:25:21 2015 --> [ LOG ] Lobsang.begin() called.
Sun Nov  1 21:25:21 2015 --> [ LOG ] Duino responded to 'OK?' query. Duino Online.
Sun Nov  1 21:32:32 2015 --> [ LOG ] Lobsang.begin() called.
Sun Nov  1 21:32:32 2015 --> [ LOG ] Duino responded to 'OK?' query. Duino Online.
Sun Nov  1 21:37:14 2015 --> [ LOG ] Lobsang.begin() called.
Sun Nov  1 21:37:14 2015 --> [ LOG ] Duino responded to 'OK?' query. Duino Online.
Sun Nov  1 21:40:05 2015 --> [ LOG ] Lobsang.begin() called.
Sun Nov  1 21:40:05 2015 --> [ LOG ] Duino responded to 'OK?' query. Duino Online.
Sun Nov  1 21:42:08 2015 --> [ LOG ] Lobsang.begin() called.
Sun Nov  1 21:42:09 2015 --> [ LOG ] Duino responded to 'OK?' query. Duino Online.
Sun Nov  1 21:44:42 2015 --> [ LOG ] Lobsang.begin() called.
Sun Nov  1 21:44:42 2015 --> [ LOG ] Duino responded to 'OK?' query. Duino Online.
Sun Nov  1 21:45:07 2015 --> [ LOG ] Lobsang.begin() called.
Sun Nov  1 21:45:07 2015 --> [ LOG ] Duino responded to 'OK?' query. Duino Online.
Sun Nov  1 21:48:21 2015 --> [ LOG ] Lobsang.begin() called.
Sun Nov  1 21:48:21 2015 --> [ LOG ] Duino responded to 'OK?' query. Duino Online.
Sun Nov  1 21:50:35 2015 --> [ LOG ] Lobsang.begin() called.
Sun Nov  1 21:50:35 2015 --> [ LOG ] Duino responded to 'OK?' query. Duino Online.
Sun Nov  1 21:50:59 2015 --> [ LOG ] Lobsang.begin() called.
Sun Nov  1 21:50:59 2015 --> [ LOG ] Duino responded to 'OK?' query. Duino Online.
Sun Nov  1 21:51:13 2015 --> [ LOG ] Lobsang.begin() called.
Sun Nov  1 21:51:14 2015 --> [ LOG ] Duino responded to 'OK?' query. Duino Online.
Sun Nov  1 21:54:40 2015 --> [ LOG ] Lobsang.begin() called.
Sun Nov  1 21:54:41 2015 --> [ LOG ] Duino responded to 'OK?' query. Duino Online.
Sun Nov  1 21:55:22 2015 --> [ LOG ] Lobsang.begin() called.
Sun Nov  1 21:55:22 2015 --> [ LOG ] Duino responded to 'OK?' query. Duino Online.
Sun Nov  1 21:59:07 2015 --> [ LOG ] Lobsang.begin() called.
Sun Nov  1 21:59:08 2015 --> [ LOG ] Duino responded to 'OK?' query. Duino Online.
Sun Nov  1 21:59:38 2015 --> [ LOG ] Lobsang.begin() called.
Sun Nov  1 21:59:38 2015 --> [ LOG ] Duino responded to 'OK?' query. Duino Online.
Sun Nov  1 22:00:27 2015 --> [ LOG ] Lobsang.begin() called.
Sun Nov  1 22:00:27 2015 --> [ LOG ] Duino responded to 'OK?' query. Duino Online.
Sun Nov  1 22:01:28 2015 --> [ LOG ] Lobsang.begin() called.
Sun Nov  1 22:01:29 2015 --> [ LOG ] Duino responded to 'OK?' query. Duino Online.
Sun Nov  1 22:07:48 2015 --> [ LOG ] Lobsang.begin() called.
Sun Nov  1 22:07:48 2015 --> [ LOG ] Duino responded to 'OK?' query. Duino Online.
Sun Nov  1 22:12:00 2015 --> [ LOG ] Lobsang.begin() called.
Sun Nov  1 22:12:01 2015 --> [ LOG ] Duino responded to 'OK?' query. Duino Online.
Sun Nov  1 23:12:21 2015 --> [ LOG ] Halting Lobsang. Raspbian is shutting down.
Sun Nov  1 23:44:45 2015 --> [ LOG ] Lobsang.begin() called.
Sun Nov  1 23:44:45 2015 --> [ LOG ] Duino responded to 'OK?' query. Duino Online.
Sun Nov  1 23:48:14 2015 --> [ LOG ] Lobsang.begin() called.
Sun Nov  1 23:48:14 2015 --> [ LOG ] Duino responded to 'OK?' query. Duino Online.
Sun Nov  1 23:48:43 2015 --> [ LOG ] Lobsang.begin() called.
Sun Nov  1 23:48:43 2015 --> [ LOG ] Duino responded to 'OK?' query. Duino Online.
Sun Nov  1 23:48:52 2015 --> [ LOG ] Lobsang.begin() called.
Sun Nov  1 23:48:52 2015 --> [ LOG ] Duino responded to 'OK?' query. Duino Online.
Mon Nov  2 01:29:30 2015 --> [ LOG ] Lobsang.begin() called.
Mon Nov  2 01:29:30 2015 --> [ LOG ] Duino responded to 'OK?' query. Duino Online.
Mon Nov  2 01:39:16 2015 --> [ LOG ] Halting Lobsang. Raspbian is shutting down.
Mon Nov  2 02:45:01 2015 --> [ LOG ] Lobsang.begin() called.
Mon Nov  2 02:45:02 2015 --> [ LOG ] Duino responded to 'OK?' query. Duino Online.
Mon Nov  2 02:53:20 2015 --> [ LOG ] Lobsang.begin() called.
Mon Nov  2 02:53:21 2015 --> [ LOG ] Duino responded to 'OK?' query. Duino Online.
Mon Nov  2 02:35:53 2015 --> [ LOG ] Lobsang.begin() called.
Mon Nov  2 02:35:53 2015 --> [ LOG ] Duino responded to 'OK?' query. Duino Online.
Mon Nov  2 02:37:35 2015 --> [ LOG ] Lobsang.begin() called.
Mon Nov  2 02:37:35 2015 --> [ LOG ] Duino responded to 'OK?' query. Duino Online.
Mon Nov  2 02:58:11 2015 --> [ LOG ] Halting Lobsang. Raspbian is shutting down.
Mon Nov  2 02:58:58 2015 --> [ LOG ] Halting Lobsang. Raspbian is shutting down.
Mon Nov  2 03:05:03 2015 --> [ LOG ] Halting Lobsang. Raspbian is shutting down.
Mon Nov  2 03:05:57 2015 --> [ LOG ] Lobsang.begin() called.
Mon Nov  2 03:05:57 2015 --> [ LOG ] Duino responded to 'OK?' query. Duino Online.
Mon Nov  2 03:07:02 2015 --> [ LOG ] Lobsang.begin() called.
Mon Nov  2 03:07:02 2015 --> [ LOG ] Duino responded to 'OK?' query. Duino Online.
Mon Nov  2 03:07:34 2015 --> [ LOG ] Lobsang.begin() called.
Mon Nov  2 03:07:34 2015 --> [ LOG ] Duino responded to 'OK?' query. Duino Online.
Mon Nov  2 03:08:02 2015 --> [ LOG ] Lobsang.begin() called.
Mon Nov  2 03:08:02 2015 --> [ LOG ] Duino responded to 'OK?' query. Duino Online.
Mon Nov  2 03:09:30 2015 --> [ LOG ] Lobsang.begin() called.
Mon Nov  2 03:09:30 2015 --> [ LOG ] Duino responded to 'OK?' query. Duino Online.
Mon Nov  2 03:59:17 2015 --> [ LOG ] Lobsang.begin() called.
Mon Nov  2 03:59:17 2015 --> [ LOG ] Duino responded to 'OK?' query. Duino Online.
Mon Nov  2 04:04:51 2015 --> [ LOG ] Lobsang.begin() called.
Mon Nov  2 04:04:52 2015 --> [ LOG ] Duino responded to 'OK?' query. Duino Online.
Mon Nov  2 04:04:56 2015 --> [ LOG ] Lobsang.begin() called.
Mon Nov  2 04:04:56 2015 --> [ LOG ] Duino responded to 'OK?' query. Duino Online.
Mon Nov  2 04:30:18 2015 --> [ LOG ] Lobsang.begin() called.
Mon Nov  2 04:30:18 2015 --> [ LOG ] Duino responded to 'OK?' query. Duino Online.
Mon Nov  2 04:33:55 2015 --> [ LOG ] Lobsang.begin() called.
Mon Nov  2 04:33:55 2015 --> [ LOG ] Duino responded to 'OK?' query. Duino Online.
Mon Nov  2 04:35:56 2015 --> [ LOG ] Lobsang.begin() called.
Mon Nov  2 04:35:56 2015 --> [ LOG ] Duino responded to 'OK?' query. Duino Online.
Mon Nov  2 04:36:47 2015 --> [ LOG ] Halting Lobsang. Raspbian is shutting down.
Mon Nov  2 05:21:41 2015 --> [ LOG ] Halting Lobsang. Raspbian is shutting down.
Mon Nov  2 05:23:55 2015 --> [ LOG ] Lobsang.begin() called.
Mon Nov  2 05:23:55 2015 --> [ LOG ] Duino responded to 'OK?' query. Duino Online.
Mon Nov  2 05:24:31 2015 --> [ LOG ] Lobsang.begin() called.
Mon Nov  2 05:24:31 2015 --> [ LOG ] Duino responded to 'OK?' query. Duino Online.
Mon Nov  2 05:25:59 2015 --> [ LOG ] Lobsang.begin() called.
Mon Nov  2 05:25:59 2015 --> [ LOG ] Duino responded to 'OK?' query. Duino Online.
Mon Nov  2 05:27:56 2015 --> [ LOG ] Lobsang.begin() called.
Mon Nov  2 05:27:56 2015 --> [ LOG ] Duino responded to 'OK?' query. Duino Online.
Mon Nov  2 05:28:58 2015 --> [ LOG ] Lobsang.begin() called.
Mon Nov  2 05:28:58 2015 --> [ LOG ] Duino responded to 'OK?' query. Duino Online.
Mon Nov  2 05:29:46 2015 --> [ LOG ] Lobsang.begin() called.
Mon Nov  2 05:29:46 2015 --> [ LOG ] Duino responded to 'OK?' query. Duino Online.
Mon Nov  2 05:30:16 2015 --> [ LOG ] Lobsang.begin() called.
Mon Nov  2 05:30:17 2015 --> [ LOG ] Duino responded to 'OK?' query. Duino Online.
Mon Nov  2 05:30:46 2015 --> [ LOG ] Lobsang.begin() called.
Mon Nov  2 05:30:46 2015 --> [ LOG ] Duino responded to 'OK?' query. Duino Online.
Mon Nov  2 05:32:38 2015 --> [ LOG ] Lobsang.begin() called.
Mon Nov  2 05:32:39 2015 --> [ LOG ] Duino responded to 'OK?' query. Duino Online.
Mon Nov  2 05:32:48 2015 --> [ LOG ] Lobsang.begin() called.
Mon Nov  2 05:32:48 2015 --> [ LOG ] Duino responded to 'OK?' query. Duino Online.
Mon Nov  2 05:33:21 2015 --> [ LOG ] Lobsang.begin() called.
Mon Nov  2 05:33:21 2015 --> [ LOG ] Duino responded to 'OK?' query. Duino Online.
Mon Nov  2 05:34:33 2015 --> [ LOG ] Lobsang.begin() called.
Mon Nov  2 05:34:34 2015 --> [ LOG ] Duino responded to 'OK?' query. Duino Online.
Mon Nov  2 05:37:07 2015 --> [ LOG ] Lobsang.begin() called.
Mon Nov  2 05:37:08 2015 --> [ LOG ] Duino responded to 'OK?' query. Duino Online.
Mon Nov  2 05:25:12 2015 --> [ LOG ] Lobsang.begin() called.
Mon Nov  2 05:25:12 2015 --> [ LOG ] Duino responded to 'OK?' query. Duino Online.
Mon Nov  2 05:26:52 2015 --> [ LOG ] Lobsang.begin() called.
Mon Nov  2 05:26:52 2015 --> [ LOG ] Duino responded to 'OK?' query. Duino Online.
Mon Nov  2 05:33:34 2015 --> [ LOG ] Lobsang.begin() called.
Mon Nov  2 05:33:34 2015 --> [ LOG ] Duino responded to 'OK?' query. Duino Online.
Mon Nov  2 05:35:35 2015 --> [ LOG ] Lobsang.begin() called.
Mon Nov  2 05:35:35 2015 --> [ LOG ] Duino responded to 'OK?' query. Duino Online.
Mon Nov  2 05:37:30 2015 --> [ LOG ] Lobsang.begin() called.
Mon Nov  2 05:37:30 2015 --> [ LOG ] Duino responded to 'OK?' query. Duino Online.
Mon Nov  2 05:40:07 2015 --> [ LOG ] Lobsang.begin() called.
Mon Nov  2 05:40:07 2015 --> [ LOG ] Duino responded to 'OK?' query. Duino Online.
Mon Nov  2 05:42:37 2015 --> [ LOG ] Lobsang.begin() called.
Mon Nov  2 05:42:38 2015 --> [ LOG ] Duino responded to 'OK?' query. Duino Online.
Mon Nov  2 05:55:31 2015 --> [ LOG ] Halting Lobsang. Raspbian is shutting down.
Mon Nov  2 05:57:26 2015 --> [ LOG ] Halting Lobsang. Raspbian is shutting down.
Mon Nov  2 05:58:29 2015 --> [ LOG ] Lobsang.begin() called.
Mon Nov  2 05:58:29 2015 --> [ LOG ] Duino responded to 'OK?' query. Duino Online.
Mon Nov  2 06:04:31 2015 --> [ LOG ] Lobsang.begin() called.
Mon Nov  2 06:04:31 2015 --> [ LOG ] Duino responded to 'OK?' query. Duino Online.
Mon Nov  2 06:04:32 2015 --> [ LOG ] Lobsang.begin() called.
Mon Nov  2 06:04:32 2015 --> [ LOG ] Duino responded to 'OK?' query. Duino Online.
Mon Nov  2 06:06:02 2015 --> [ LOG ] Lobsang.begin() called.
Mon Nov  2 06:06:02 2015 --> [ LOG ] Duino responded to 'OK?' query. Duino Online.
Mon Nov  2 06:06:03 2015 --> [ LOG ] Lobsang.begin() called.
Mon Nov  2 06:06:03 2015 --> [ LOG ] Duino responded to 'OK?' query. Duino Online.
Mon Nov  2 06:06:44 2015 --> [ LOG ] Lobsang.begin() called.
Mon Nov  2 06:06:45 2015 --> [ LOG ] Duino responded to 'OK?' query. Duino Online.
Mon Nov  2 06:06:46 2015 --> [ LOG ] Lobsang.begin() called.
Mon Nov  2 06:06:46 2015 --> [ LOG ] Duino responded to 'OK?' query. Duino Online.
Mon Nov  2 06:08:04 2015 --> [ LOG ] Lobsang.begin() called.
Mon Nov  2 06:08:05 2015 --> [ LOG ] Duino responded to 'OK?' query. Duino Online.
Mon Nov  2 06:08:06 2015 --> [ LOG ] Lobsang.begin() called.
Mon Nov  2 06:08:06 2015 --> [ LOG ] Duino responded to 'OK?' query. Duino Online.
Mon Nov  2 06:09:42 2015 --> [ LOG ] Halting Lobsang. Raspbian is shutting down.
Mon Nov  2 06:10:36 2015 --> [ LOG ] Lobsang.begin() called.
Mon Nov  2 06:10:37 2015 --> [ LOG ] Duino responded to 'OK?' query. Duino Online.
Mon Nov  2 06:10:37 2015 --> [ LOG ] Lobsang.begin() called.
Mon Nov  2 06:10:38 2015 --> [ LOG ] Duino responded to 'OK?' query. Duino Online.
Mon Nov  2 06:18:31 2015 --> [ LOG ] Lobsang.begin() called.
Mon Nov  2 06:18:31 2015 --> [ LOG ] Duino responded to 'OK?' query. Duino Online.
Mon Nov  2 06:19:04 2015 --> [ LOG ] Lobsang.begin() called.
Mon Nov  2 06:19:05 2015 --> [ LOG ] Duino responded to 'OK?' query. Duino Online.
Mon Nov  2 06:19:46 2015 --> [ LOG ] Halting Lobsang. Raspbian is shutting down.
Mon Nov  2 06:21:14 2015 --> [ LOG ] Halting Lobsang. Raspbian is shutting down.
Mon Nov  2 06:22:41 2015 --> [ LOG ] Halting Lobsang. Raspbian is shutting down.
Mon Nov  2 06:25:13 2015 --> [ LOG ] Lobsang.begin() called.
Mon Nov  2 06:25:14 2015 --> [ LOG ] Duino responded to 'OK?' query. Duino Online.
Mon Nov  2 06:38:18 2015 --> [ LOG ] Lobsang.begin() called.
Mon Nov  2 06:38:18 2015 --> [ LOG ] Duino responded to 'OK?' query. Duino Online.
Mon Nov  2 07:15:08 2015 --> [ LOG ] Lobsang.begin() called.
Mon Nov  2 07:15:08 2015 --> [ LOG ] Duino responded to 'OK?' query. Duino Online.
Mon Nov  2 07:17:26 2015 --> [ LOG ] Lobsang.begin() called.
Mon Nov  2 07:17:26 2015 --> [ LOG ] Duino responded to 'OK?' query. Duino Online.
Mon Nov  2 07:18:11 2015 --> [ LOG ] Lobsang.begin() called.
Mon Nov  2 07:18:11 2015 --> [ LOG ] Duino responded to 'OK?' query. Duino Online.
Mon Nov  2 07:18:56 2015 --> [ LOG ] Lobsang.begin() called.
Mon Nov  2 07:18:57 2015 --> [ LOG ] Duino responded to 'OK?' query. Duino Online.
Mon Nov  2 07:34:31 2015 --> [ LOG ] Lobsang.begin() called.
Mon Nov  2 07:34:31 2015 --> [ LOG ] Duino responded to 'OK?' query. Duino Online.
Mon Nov  2 07:37:29 2015 --> [ LOG ] Lobsang.begin() called.
Mon Nov  2 07:37:30 2015 --> [ LOG ] Duino responded to 'OK?' query. Duino Online.
Mon Nov  2 07:39:09 2015 --> [ LOG ] Lobsang.begin() called.
Mon Nov  2 07:39:09 2015 --> [ LOG ] Duino responded to 'OK?' query. Duino Online.
Mon Nov  2 07:40:19 2015 --> [ LOG ] Halting Lobsang. Raspbian is shutting down.
Mon Nov  2 07:44:23 2015 --> [ LOG ] Lobsang.begin() called.
Mon Nov  2 07:44:23 2015 --> [ LOG ] Duino responded to 'OK?' query. Duino Online.
Mon Nov  2 07:48:49 2015 --> [ LOG ] Lobsang.begin() called.
Mon Nov  2 07:48:50 2015 --> [ LOG ] Duino responded to 'OK?' query. Duino Online.
Mon Nov  2 07:51:19 2015 --> [ LOG ] Lobsang.begin() called.
Mon Nov  2 07:51:19 2015 --> [ LOG ] Duino responded to 'OK?' query. Duino Online.
Mon Nov  2 07:52:03 2015 --> [ LOG ] Lobsang.begin() called.
Mon Nov  2 07:52:03 2015 --> [ LOG ] Duino responded to 'OK?' query. Duino Online.
Mon Nov  2 07:52:50 2015 --> [ LOG ] Lobsang.begin() called.
Mon Nov  2 07:52:50 2015 --> [ LOG ] Duino responded to 'OK?' query. Duino Online.
Mon Nov  2 07:53:11 2015 --> [ LOG ] Lobsang.begin() called.
Mon Nov  2 07:53:11 2015 --> [ LOG ] Duino responded to 'OK?' query. Duino Online.
Mon Nov  2 07:54:13 2015 --> [ LOG ] Lobsang.begin() called.
Mon Nov  2 07:54:13 2015 --> [ LOG ] Duino responded to 'OK?' query. Duino Online.
Mon Nov  2 07:54:49 2015 --> [ LOG ] Lobsang.begin() called.
Mon Nov  2 07:54:49 2015 --> [ LOG ] Duino responded to 'OK?' query. Duino Online.
Mon Nov  2 07:55:19 2015 --> [ LOG ] Lobsang.begin() called.
Mon Nov  2 07:55:19 2015 --> [ LOG ] Duino responded to 'OK?' query. Duino Online.
Mon Nov  2 07:55:52 2015 --> [ LOG ] Lobsang.begin() called.
Mon Nov  2 07:55:52 2015 --> [ LOG ] Duino responded to 'OK?' query. Duino Online.
Mon Nov  2 07:56:29 2015 --> [ LOG ] Lobsang.begin() called.
Mon Nov  2 07:56:30 2015 --> [ LOG ] Duino responded to 'OK?' query. Duino Online.
Mon Nov  2 08:27:27 2015 --> [ LOG ] Lobsang.begin() called.
Mon Nov  2 08:27:27 2015 --> [ LOG ] Duino responded to 'OK?' query. Duino Online.
Mon Nov  2 08:27:28 2015 --> [ LOG ] Lobsang.begin() called.
Mon Nov  2 08:27:29 2015 --> [ LOG ] Duino responded to 'OK?' query. Duino Online.
Mon Nov  2 08:28:28 2015 --> [ LOG ] Lobsang.begin() called.
Mon Nov  2 08:28:28 2015 --> [ LOG ] Duino responded to 'OK?' query. Duino Online.
Mon Nov  2 08:28:29 2015 --> [ LOG ] Lobsang.begin() called.
Mon Nov  2 08:28:30 2015 --> [ LOG ] Duino responded to 'OK?' query. Duino Online.
Mon Nov  2 08:28:51 2015 --> [ LOG ] Lobsang.begin() called.
Mon Nov  2 08:28:51 2015 --> [ LOG ] Duino responded to 'OK?' query. Duino Online.
Mon Nov  2 08:28:52 2015 --> [ LOG ] Lobsang.begin() called.
Mon Nov  2 08:28:52 2015 --> [ LOG ] Duino responded to 'OK?' query. Duino Online.
Mon Nov  2 09:19:38 2015 --> [ LOG ] Lobsang.begin() called.
Mon Nov  2 09:19:38 2015 --> [ LOG ] Duino responded to 'OK?' query. Duino Online.
Mon Nov  2 09:19:40 2015 --> [ LOG ] Lobsang.begin() called.
Mon Nov  2 09:19:40 2015 --> [ LOG ] Duino responded to 'OK?' query. Duino Online.
Mon Nov  2 09:25:12 2015 --> [ LOG ] Lobsang.begin() called.
Mon Nov  2 09:25:12 2015 --> [ LOG ] Duino responded to 'OK?' query. Duino Online.
Mon Nov  2 09:25:37 2015 --> [ LOG ] Lobsang.begin() called.
Mon Nov  2 09:25:38 2015 --> [ LOG ] Duino responded to 'OK?' query. Duino Online.
Mon Nov  2 09:28:16 2015 --> [ LOG ] Lobsang.begin() called.
Mon Nov  2 09:28:17 2015 --> [ LOG ] Duino responded to 'OK?' query. Duino Online.
Mon Nov  2 09:30:48 2015 --> [ LOG ] Lobsang.begin() called.
Mon Nov  2 09:30:48 2015 --> [ LOG ] Duino responded to 'OK?' query. Duino Online.
Mon Nov  2 09:34:23 2015 --> [ LOG ] Halting Lobsang. Raspbian is shutting down.
Mon Nov  2 09:37:35 2015 --> [ LOG ] Halting Lobsang. Raspbian is shutting down.
Mon Nov  2 10:48:42 2015 --> [ LOG ] Halting Lobsang. Raspbian is shutting down.
Mon Nov  2 11:27:46 2015 --> [ LOG ] Halting Lobsang. Raspbian is shutting down.
Mon Nov  2 12:31:44 2015 --> [ LOG ] Halting Lobsang. Raspbian is shutting down.
Mon Nov  2 13:42:52 2015 --> [ LOG ] Halting Lobsang. Raspbian is shutting down.
